<?xml version="1.0" encoding="UTF-8"?>
<coverage generated="1770528092086" clover="3.2.0">
  <project timestamp="1770528092086" name="All files">
    <metrics statements="27" coveredstatements="27" conditionals="26" coveredconditionals="26" methods="5" coveredmethods="5" elements="58" coveredelements="58" complexity="0" loc="27" ncloc="27" packages="1" files="1" classes="1"/>
    <file name="geoJson.ts" path="/Users/parsahejazi/Documents/GitToCampus/mobile/src/utils/geoJson.ts">
      <metrics statements="27" coveredstatements="27" conditionals="26" coveredconditionals="26" methods="5" coveredmethods="5"/>
      <line num="13" count="1" type="stmt"/>
      <line num="14" count="29" type="stmt"/>
      <line num="15" count="29" type="stmt"/>
      <line num="22" count="12" type="stmt"/>
      <line num="28" count="1" type="stmt"/>
      <line num="29" count="7" type="cond" truecount="2" falsecount="0"/>
      <line num="31" count="5" type="stmt"/>
      <line num="32" count="5" type="cond" truecount="2" falsecount="0"/>
      <line num="33" count="3" type="cond" truecount="4" falsecount="0"/>
      <line num="35" count="1" type="stmt"/>
      <line num="48" count="1" type="stmt"/>
      <line num="51" count="8" type="cond" truecount="2" falsecount="0"/>
      <line num="52" count="4" type="stmt"/>
      <line num="53" count="4" type="cond" truecount="4" falsecount="0"/>
      <line num="54" count="2" type="stmt"/>
      <line num="58" count="4" type="stmt"/>
      <line num="59" count="4" type="stmt"/>
      <line num="61" count="4" type="cond" truecount="2" falsecount="0"/>
      <line num="62" count="7" type="stmt"/>
      <line num="63" count="7" type="cond" truecount="4" falsecount="0"/>
      <line num="64" count="5" type="stmt"/>
      <line num="67" count="4" type="stmt"/>
      <line num="74" count="1" type="stmt"/>
      <line num="75" count="4" type="cond" truecount="2" falsecount="0"/>
      <line num="77" count="3" type="cond" truecount="4" falsecount="0"/>
      <line num="78" count="2" type="stmt"/>
      <line num="81" count="1" type="stmt"/>
    </file>
  </project>
</coverage>
