<?xml version="1.0" encoding="UTF-8"?>
<coverage generated="1770528403441" clover="3.2.0">
  <project timestamp="1770528403441" name="All files">
    <metrics statements="37" coveredstatements="37" conditionals="20" coveredconditionals="20" methods="16" coveredmethods="16" elements="73" coveredelements="73" complexity="0" loc="37" ncloc="37" packages="1" files="1" classes="1"/>
    <file name="MapScreen.tsx" path="/Users/parsahejazi/Documents/GitToCampus/mobile/src/screens/MapScreen.tsx">
      <metrics statements="37" coveredstatements="37" conditionals="20" coveredconditionals="20" methods="16" coveredmethods="16"/>
      <line num="13" count="11" type="stmt"/>
      <line num="14" count="11" type="stmt"/>
      <line num="16" count="11" type="stmt"/>
      <line num="19" count="11" type="stmt"/>
      <line num="21" count="11" type="stmt"/>
      <line num="24" count="11" type="stmt"/>
      <line num="25" count="7" type="stmt"/>
      <line num="27" count="7" type="stmt"/>
      <line num="28" count="7" type="stmt"/>
      <line num="29" count="7" type="cond" truecount="2" falsecount="0"/>
      <line num="30" count="1" type="stmt"/>
      <line num="31" count="1" type="stmt"/>
      <line num="34" count="6" type="stmt"/>
      <line num="40" count="1" type="stmt"/>
      <line num="48" count="7" type="stmt"/>
      <line num="49" count="7" type="stmt"/>
      <line num="54" count="11" type="stmt"/>
      <line num="55" count="9" type="stmt"/>
      <line num="56" count="9" type="cond" truecount="2" falsecount="0"/>
      <line num="57" count="8" type="stmt"/>
      <line num="62" count="11" type="stmt"/>
      <line num="63" count="11" type="stmt"/>
      <line num="65" count="11" type="stmt"/>
      <line num="66" count="7" type="stmt"/>
      <line num="67" count="14" type="stmt"/>
      <line num="68" count="21" type="stmt"/>
      <line num="76" count="7" type="stmt"/>
      <line num="79" count="11" type="stmt"/>
      <line num="80" count="9" type="cond" truecount="2" falsecount="0"/>
      <line num="81" count="2" type="cond" truecount="2" falsecount="0"/>
      <line num="84" count="11" type="stmt"/>
      <line num="88" count="22" type="stmt"/>
      <line num="97" count="33" type="stmt"/>
      <line num="98" count="33" type="stmt"/>
      <line num="100" count="33" type="stmt"/>
      <line num="109" count="2" type="stmt"/>
      <line num="110" count="2" type="stmt"/>
    </file>
  </project>
</coverage>
