{"/Users/parsahejazi/Documents/GitToCampus/mobile/src/utils/geoJson.ts": {"path":"/Users/parsahejazi/Documents/GitToCampus/mobile/src/utils/geoJson.ts","statementMap":{"0":{"start":{"line":13,"column":24},"end":{"line":16,"column":1}},"1":{"start":{"line":14,"column":32},"end":{"line":14,"column":35}},"2":{"start":{"line":15,"column":2},"end":{"line":15,"column":33}},"3":{"start":{"line":22,"column":27},"end":{"line":22,"column":81}},"4":{"start":{"line":22,"column":65},"end":{"line":22,"column":81}},"5":{"start":{"line":28,"column":35},"end":{"line":36,"column":1}},"6":{"start":{"line":29,"column":2},"end":{"line":29,"column":43}},"7":{"start":{"line":29,"column":31},"end":{"line":29,"column":43}},"8":{"start":{"line":31,"column":18},"end":{"line":31,"column":42}},"9":{"start":{"line":32,"column":2},"end":{"line":32,"column":38}},"10":{"start":{"line":32,"column":25},"end":{"line":32,"column":38}},"11":{"start":{"line":33,"column":2},"end":{"line":33,"column":65}},"12":{"start":{"line":33,"column":49},"end":{"line":33,"column":65}},"13":{"start":{"line":35,"column":2},"end":{"line":35,"column":14}},"14":{"start":{"line":48,"column":49},"end":{"line":68,"column":1}},"15":{"start":{"line":51,"column":2},"end":{"line":55,"column":3}},"16":{"start":{"line":52,"column":22},"end":{"line":52,"column":47}},"17":{"start":{"line":53,"column":4},"end":{"line":53,"column":57}},"18":{"start":{"line":53,"column":47},"end":{"line":53,"column":57}},"19":{"start":{"line":54,"column":4},"end":{"line":54,"column":37}},"20":{"start":{"line":58,"column":16},"end":{"line":58,"column":47}},"21":{"start":{"line":59,"column":31},"end":{"line":59,"column":33}},"22":{"start":{"line":61,"column":2},"end":{"line":65,"column":3}},"23":{"start":{"line":62,"column":22},"end":{"line":62,"column":31}},"24":{"start":{"line":63,"column":4},"end":{"line":63,"column":56}},"25":{"start":{"line":63,"column":47},"end":{"line":63,"column":56}},"26":{"start":{"line":64,"column":4},"end":{"line":64,"column":43}},"27":{"start":{"line":67,"column":2},"end":{"line":67,"column":18}},"28":{"start":{"line":74,"column":34},"end":{"line":82,"column":1}},"29":{"start":{"line":75,"column":2},"end":{"line":75,"column":35}},"30":{"start":{"line":75,"column":25},"end":{"line":75,"column":35}},"31":{"start":{"line":77,"column":2},"end":{"line":79,"column":3}},"32":{"start":{"line":78,"column":4},"end":{"line":78,"column":63}},"33":{"start":{"line":81,"column":2},"end":{"line":81,"column":12}}},"fnMap":{"0":{"name":"(anonymous_0)","decl":{"start":{"line":13,"column":24},"end":{"line":13,"column":25}},"loc":{"start":{"line":13,"column":58},"end":{"line":16,"column":1}},"line":13},"1":{"name":"(anonymous_1)","decl":{"start":{"line":22,"column":27},"end":{"line":22,"column":28}},"loc":{"start":{"line":22,"column":65},"end":{"line":22,"column":81}},"line":22},"2":{"name":"(anonymous_2)","decl":{"start":{"line":28,"column":35},"end":{"line":28,"column":36}},"loc":{"start":{"line":28,"column":68},"end":{"line":36,"column":1}},"line":28},"3":{"name":"(anonymous_3)","decl":{"start":{"line":48,"column":49},"end":{"line":48,"column":50}},"loc":{"start":{"line":50,"column":17},"end":{"line":68,"column":1}},"line":50},"4":{"name":"(anonymous_4)","decl":{"start":{"line":74,"column":34},"end":{"line":74,"column":35}},"loc":{"start":{"line":74,"column":75},"end":{"line":82,"column":1}},"line":74}},"branchMap":{"0":{"loc":{"start":{"line":29,"column":2},"end":{"line":29,"column":43}},"type":"if","locations":[{"start":{"line":29,"column":2},"end":{"line":29,"column":43}},{"start":{},"end":{}}],"line":29},"1":{"loc":{"start":{"line":32,"column":2},"end":{"line":32,"column":38}},"type":"if","locations":[{"start":{"line":32,"column":2},"end":{"line":32,"column":38}},{"start":{},"end":{}}],"line":32},"2":{"loc":{"start":{"line":33,"column":2},"end":{"line":33,"column":65}},"type":"if","locations":[{"start":{"line":33,"column":2},"end":{"line":33,"column":65}},{"start":{},"end":{}}],"line":33},"3":{"loc":{"start":{"line":33,"column":6},"end":{"line":33,"column":47}},"type":"binary-expr","locations":[{"start":{"line":33,"column":6},"end":{"line":33,"column":23}},{"start":{"line":33,"column":27},"end":{"line":33,"column":47}}],"line":33},"4":{"loc":{"start":{"line":51,"column":2},"end":{"line":55,"column":3}},"type":"if","locations":[{"start":{"line":51,"column":2},"end":{"line":55,"column":3}},{"start":{},"end":{}}],"line":51},"5":{"loc":{"start":{"line":53,"column":4},"end":{"line":53,"column":57}},"type":"if","locations":[{"start":{"line":53,"column":4},"end":{"line":53,"column":57}},{"start":{},"end":{}}],"line":53},"6":{"loc":{"start":{"line":53,"column":8},"end":{"line":53,"column":45}},"type":"binary-expr","locations":[{"start":{"line":53,"column":8},"end":{"line":53,"column":18}},{"start":{"line":53,"column":22},"end":{"line":53,"column":45}}],"line":53},"7":{"loc":{"start":{"line":61,"column":21},"end":{"line":61,"column":44}},"type":"binary-expr","locations":[{"start":{"line":61,"column":21},"end":{"line":61,"column":38}},{"start":{"line":61,"column":42},"end":{"line":61,"column":44}}],"line":61},"8":{"loc":{"start":{"line":63,"column":4},"end":{"line":63,"column":56}},"type":"if","locations":[{"start":{"line":63,"column":4},"end":{"line":63,"column":56}},{"start":{},"end":{}}],"line":63},"9":{"loc":{"start":{"line":63,"column":8},"end":{"line":63,"column":45}},"type":"binary-expr","locations":[{"start":{"line":63,"column":8},"end":{"line":63,"column":18}},{"start":{"line":63,"column":22},"end":{"line":63,"column":45}}],"line":63},"10":{"loc":{"start":{"line":75,"column":2},"end":{"line":75,"column":35}},"type":"if","locations":[{"start":{"line":75,"column":2},"end":{"line":75,"column":35}},{"start":{},"end":{}}],"line":75},"11":{"loc":{"start":{"line":77,"column":2},"end":{"line":79,"column":3}},"type":"if","locations":[{"start":{"line":77,"column":2},"end":{"line":79,"column":3}},{"start":{},"end":{}}],"line":77},"12":{"loc":{"start":{"line":77,"column":6},"end":{"line":77,"column":85}},"type":"binary-expr","locations":[{"start":{"line":77,"column":6},"end":{"line":77,"column":41}},{"start":{"line":77,"column":45},"end":{"line":77,"column":85}}],"line":77}},"s":{"0":1,"1":29,"2":29,"3":1,"4":12,"5":1,"6":7,"7":2,"8":5,"9":5,"10":2,"11":3,"12":2,"13":1,"14":1,"15":8,"16":4,"17":4,"18":2,"19":2,"20":4,"21":4,"22":4,"23":7,"24":7,"25":2,"26":5,"27":4,"28":1,"29":4,"30":1,"31":3,"32":2,"33":1},"f":{"0":29,"1":12,"2":7,"3":8,"4":4},"b":{"0":[2,5],"1":[2,3],"2":[2,1],"3":[3,2],"4":[4,4],"5":[2,2],"6":[4,3],"7":[4,1],"8":[2,5],"9":[7,6],"10":[1,3],"11":[2,1],"12":[3,2]},"_coverageSchema":"1a1c01bbd47fc00a2c39e90264f33305004495a9","hash":"209b9b403ece275b2c32091b2d0d5fd6e6c1b4b9"}
}
