TN:
SF:src/utils/geoJson.ts
FN:13,(anonymous_0)
FN:22,(anonymous_1)
FN:28,(anonymous_2)
FN:48,(anonymous_3)
FN:74,(anonymous_4)
FNF:5
FNH:5
FNDA:29,(anonymous_0)
FNDA:12,(anonymous_1)
FNDA:7,(anonymous_2)
FNDA:8,(anonymous_3)
FNDA:4,(anonymous_4)
DA:13,1
DA:14,29
DA:15,29
DA:22,12
DA:28,1
DA:29,7
DA:31,5
DA:32,5
DA:33,3
DA:35,1
DA:48,1
DA:51,8
DA:52,4
DA:53,4
DA:54,2
DA:58,4
DA:59,4
DA:61,4
DA:62,7
DA:63,7
DA:64,5
DA:67,4
DA:74,1
DA:75,4
DA:77,3
DA:78,2
DA:81,1
LF:27
LH:27
BRDA:29,0,0,2
BRDA:29,0,1,5
BRDA:32,1,0,2
BRDA:32,1,1,3
BRDA:33,2,0,2
BRDA:33,2,1,1
BRDA:33,3,0,3
BRDA:33,3,1,2
BRDA:51,4,0,4
BRDA:51,4,1,4
BRDA:53,5,0,2
BRDA:53,5,1,2
BRDA:53,6,0,4
BRDA:53,6,1,3
BRDA:61,7,0,4
BRDA:61,7,1,1
BRDA:63,8,0,2
BRDA:63,8,1,5
BRDA:63,9,0,7
BRDA:63,9,1,6
BRDA:75,10,0,1
BRDA:75,10,1,3
BRDA:77,11,0,2
BRDA:77,11,1,1
BRDA:77,12,0,3
BRDA:77,12,1,2
BRF:26
BRH:26
end_of_record
