TN:
SF:src/screens/MapScreen.tsx
FN:12,MapScreen
FN:24,(anonymous_1)
FN:27,(anonymous_2)
FN:39,(anonymous_3)
FN:48,(anonymous_4)
FN:54,(anonymous_5)
FN:62,(anonymous_6)
FN:63,(anonymous_7)
FN:65,(anonymous_8)
FN:66,(anonymous_9)
FN:67,(anonymous_10)
FN:68,(anonymous_11)
FN:79,(anonymous_12)
FN:87,(anonymous_13)
FN:96,(anonymous_14)
FN:108,(anonymous_15)
FNF:16
FNH:16
FNDA:11,MapScreen
FNDA:7,(anonymous_1)
FNDA:7,(anonymous_2)
FNDA:1,(anonymous_3)
FNDA:7,(anonymous_4)
FNDA:9,(anonymous_5)
FNDA:7,(anonymous_6)
FNDA:7,(anonymous_7)
FNDA:7,(anonymous_8)
FNDA:14,(anonymous_9)
FNDA:14,(anonymous_10)
FNDA:21,(anonymous_11)
FNDA:9,(anonymous_12)
FNDA:22,(anonymous_13)
FNDA:33,(anonymous_14)
FNDA:2,(anonymous_15)
DA:13,11
DA:14,11
DA:16,11
DA:19,11
DA:21,11
DA:24,11
DA:25,7
DA:27,7
DA:28,7
DA:29,7
DA:30,1
DA:31,1
DA:34,6
DA:40,1
DA:48,7
DA:49,7
DA:54,11
DA:55,9
DA:56,9
DA:57,8
DA:62,11
DA:63,11
DA:65,11
DA:66,7
DA:67,14
DA:68,21
DA:76,7
DA:79,11
DA:80,9
DA:81,2
DA:84,11
DA:88,22
DA:97,33
DA:98,33
DA:100,33
DA:109,2
DA:110,2
LF:37
LH:37
BRDA:29,0,0,1
BRDA:29,0,1,6
BRDA:56,1,0,8
BRDA:56,1,1,1
BRDA:80,2,0,7
BRDA:80,2,1,2
BRDA:81,3,0,2
BRDA:81,3,1,1
BRDA:105,4,0,4
BRDA:105,4,1,29
BRDA:106,5,0,4
BRDA:106,5,1,29
BRDA:107,6,0,4
BRDA:107,6,1,29
BRDA:116,7,0,11
BRDA:116,7,1,1
BRDA:123,8,0,1
BRDA:123,8,1,10
BRDA:129,9,0,1
BRDA:129,9,1,10
BRF:20
BRH:20
end_of_record
